Assembler report for truth_table_1
Thu Jan 22 11:13:28 2015
Quartus II 32-bit Version 13.0.1 Build 232 06/12/2013 Service Pack 1 SJ Web Edition


---------------------
; Table of Contents ;
---------------------
  1. Legal Notice
  2. Assembler Summary
  3. Assembler Settings
  4. Assembler Generated Files
  5. Assembler Device Options: Z:/Documents/Github Clones/DIGI-2224/Unit 1 - Introduction to VHDL/ModelSim/output_files/truth_table_1.sof
  6. Assembler Device Options: Z:/Documents/Github Clones/DIGI-2224/Unit 1 - Introduction to VHDL/ModelSim/output_files/truth_table_1.pof
  7. Assembler Messages



----------------
; Legal Notice ;
----------------
Copyright (C) 1991-2013 Altera Corporation
Your use of Altera Corporation's design tools, logic functions 
and other software and tools, and its AMPP partner logic 
functions, and any output files from any of the foregoing 
(including device programming or simulation files), and any 
associated documentation or information are expressly subject 
to the terms and conditions of the Altera Program License 
Subscription Agreement, Altera MegaCore Function License 
Agreement, or other applicable license agreement, including, 
without limitation, that your use is for the sole purpose of 
programming logic devices manufactured by Altera and sold by 
Altera or its authorized distributors.  Please refer to the 
applicable agreement for further details.



+---------------------------------------------------------------+
; Assembler Summary                                             ;
+-----------------------+---------------------------------------+
; Assembler Status      ; Successful - Thu Jan 22 11:13:28 2015 ;
; Revision Name         ; truth_table_1                         ;
; Top-level Entity Name ; truth_table_1                         ;
; Family                ; Cyclone II                            ;
; Device                ; EP2C35F672C6                          ;
+-----------------------+---------------------------------------+


+--------------------------------------------------------------------------------------------------------+
; Assembler Settings                                                                                     ;
+-----------------------------------------------------------------------------+----------+---------------+
; Option                                                                      ; Setting  ; Default Value ;
+-----------------------------------------------------------------------------+----------+---------------+
; Use smart compilation                                                       ; Off      ; Off           ;
; Enable parallel Assembler and TimeQuest Timing Analyzer during compilation  ; On       ; On            ;
; Enable compact report table                                                 ; Off      ; Off           ;
; Generate compressed bitstreams                                              ; On       ; On            ;
; Compression mode                                                            ; Off      ; Off           ;
; Clock source for configuration device                                       ; Internal ; Internal      ;
; Clock frequency of the configuration device                                 ; 10 MHZ   ; 10 MHz        ;
; Divide clock frequency by                                                   ; 1        ; 1             ;
; Auto user code                                                              ; On       ; On            ;
; Use configuration device                                                    ; On       ; On            ;
; Configuration device                                                        ; Auto     ; Auto          ;
; Configuration device auto user code                                         ; Off      ; Off           ;
; Generate Tabular Text File (.ttf) For Target Device                         ; Off      ; Off           ;
; Generate Raw Binary File (.rbf) For Target Device                           ; Off      ; Off           ;
; Generate Hexadecimal (Intel-Format) Output File (.hexout) for Target Device ; Off      ; Off           ;
; Hexadecimal Output File start address                                       ; 0        ; 0             ;
; Hexadecimal Output File count direction                                     ; Up       ; Up            ;
; Release clears before tri-states                                            ; Off      ; Off           ;
; Auto-restart configuration after error                                      ; On       ; On            ;
; Maintain Compatibility with All Cyclone II M4K Versions                     ; On       ; On            ;
; Generate Serial Vector Format File (.svf) for Target Device                 ; Off      ; Off           ;
; Generate a JEDEC STAPL Format File (.jam) for Target Device                 ; Off      ; Off           ;
; Generate a compressed Jam STAPL Byte Code 2.0 File (.jbc) for Target Device ; Off      ; Off           ;
; Generate a compressed Jam STAPL Byte Code 2.0 File (.jbc) for Target Device ; On       ; On            ;
+-----------------------------------------------------------------------------+----------+---------------+


+------------------------------------------------------------------------------------------------------------+
; Assembler Generated Files                                                                                  ;
+------------------------------------------------------------------------------------------------------------+
; File Name                                                                                                  ;
+------------------------------------------------------------------------------------------------------------+
; Z:/Documents/Github Clones/DIGI-2224/Unit 1 - Introduction to VHDL/ModelSim/output_files/truth_table_1.sof ;
; Z:/Documents/Github Clones/DIGI-2224/Unit 1 - Introduction to VHDL/ModelSim/output_files/truth_table_1.pof ;
+------------------------------------------------------------------------------------------------------------+


+--------------------------------------------------------------------------------------------------------------------------------------+
; Assembler Device Options: Z:/Documents/Github Clones/DIGI-2224/Unit 1 - Introduction to VHDL/ModelSim/output_files/truth_table_1.sof ;
+----------------+---------------------------------------------------------------------------------------------------------------------+
; Option         ; Setting                                                                                                             ;
+----------------+---------------------------------------------------------------------------------------------------------------------+
; Device         ; EP2C35F672C6                                                                                                        ;
; JTAG usercode  ; 0x002F845F                                                                                                          ;
; Checksum       ; 0x002F845F                                                                                                          ;
+----------------+---------------------------------------------------------------------------------------------------------------------+


+--------------------------------------------------------------------------------------------------------------------------------------+
; Assembler Device Options: Z:/Documents/Github Clones/DIGI-2224/Unit 1 - Introduction to VHDL/ModelSim/output_files/truth_table_1.pof ;
+--------------------+-----------------------------------------------------------------------------------------------------------------+
; Option             ; Setting                                                                                                         ;
+--------------------+-----------------------------------------------------------------------------------------------------------------+
; Device             ; EPCS16                                                                                                          ;
; JTAG usercode      ; 0x00000000                                                                                                      ;
; Checksum           ; 0x1C78E86C                                                                                                      ;
; Compression Ratio  ; 3                                                                                                               ;
+--------------------+-----------------------------------------------------------------------------------------------------------------+


+--------------------+
; Assembler Messages ;
+--------------------+
Info: *******************************************************************
Info: Running Quartus II 32-bit Assembler
    Info: Version 13.0.1 Build 232 06/12/2013 Service Pack 1 SJ Web Edition
    Info: Processing started: Thu Jan 22 11:13:20 2015
Info: Command: quartus_asm --read_settings_files=off --write_settings_files=off truth_table_1 -c truth_table_1
Info (115031): Writing out detailed assembly data for power analysis
Info (115030): Assembler is generating device programming files
Info: Quartus II 32-bit Assembler was successful. 0 errors, 0 warnings
    Info: Peak virtual memory: 345 megabytes
    Info: Processing ended: Thu Jan 22 11:13:29 2015
    Info: Elapsed time: 00:00:09
    Info: Total CPU time (on all processors): 00:00:08


