Flow report for half_add
Sun Jan 18 22:31:12 2015
Quartus II 32-bit Version 13.0.1 Build 232 06/12/2013 Service Pack 1 SJ Web Edition


---------------------
; Table of Contents ;
---------------------
  1. Legal Notice
  2. Flow Summary
  3. Flow Settings
  4. Flow Non-Default Global Settings
  5. Flow Elapsed Time
  6. Flow OS Summary
  7. Flow Log
  8. Flow Messages
  9. Flow Suppressed Messages



----------------
; Legal Notice ;
----------------
Copyright (C) 1991-2013 Altera Corporation
Your use of Altera Corporation's design tools, logic functions 
and other software and tools, and its AMPP partner logic 
functions, and any output files from any of the foregoing 
(including device programming or simulation files), and any 
associated documentation or information are expressly subject 
to the terms and conditions of the Altera Program License 
Subscription Agreement, Altera MegaCore Function License 
Agreement, or other applicable license agreement, including, 
without limitation, that your use is for the sole purpose of 
programming logic devices manufactured by Altera and sold by 
Altera or its authorized distributors.  Please refer to the 
applicable agreement for further details.



+-----------------------------------------------------------------------------+
; Flow Summary                                                                ;
+---------------------------+-------------------------------------------------+
; Flow Status               ; Successful - Sun Jan 18 22:31:12 2015           ;
; Quartus II 32-bit Version ; 13.0.1 Build 232 06/12/2013 SP 1 SJ Web Edition ;
; Revision Name             ; half_add                                        ;
; Top-level Entity Name     ; half_add                                        ;
; Family                    ; MAX3000A                                        ;
; Device                    ; EPM3032ATC44-10                                 ;
; Timing Models             ; Final                                           ;
; Total macrocells          ; 2 / 32 ( 6 % )                                  ;
; Total pins                ; 8 / 34 ( 24 % )                                 ;
+---------------------------+-------------------------------------------------+


+-----------------------------------------+
; Flow Settings                           ;
+-------------------+---------------------+
; Option            ; Setting             ;
+-------------------+---------------------+
; Start date & time ; 01/18/2015 20:28:48 ;
; Main task         ; Compilation         ;
; Revision Name     ; half_add            ;
+-------------------+---------------------+


+----------------------------------------------------------------------------------------------------+
; Flow Non-Default Global Settings                                                                   ;
+--------------------------+------------------------------+---------------+-------------+------------+
; Assignment Name          ; Value                        ; Default Value ; Entity Name ; Section Id ;
+--------------------------+------------------------------+---------------+-------------+------------+
; COMPILER_SIGNATURE_ID    ; 345056050487.142163452805252 ; --            ; --          ; --         ;
; MAX_CORE_JUNCTION_TEMP   ; 85                           ; --            ; --          ; --         ;
; MIN_CORE_JUNCTION_TEMP   ; 0                            ; --            ; --          ; --         ;
; PROJECT_OUTPUT_DIRECTORY ; output_files                 ; --            ; --          ; --         ;
+--------------------------+------------------------------+---------------+-------------+------------+


+-------------------------------------------------------------------------------------------------------------------------------+
; Flow Elapsed Time                                                                                                             ;
+---------------------------+--------------+-------------------------+---------------------+------------------------------------+
; Module Name               ; Elapsed Time ; Average Processors Used ; Peak Virtual Memory ; Total CPU Time (on all processors) ;
+---------------------------+--------------+-------------------------+---------------------+------------------------------------+
; Analysis & Synthesis      ; 00:00:06     ; 1.0                     ; 346 MB              ; 00:00:05                           ;
; Fitter                    ; 00:00:04     ; 1.0                     ; 314 MB              ; 00:00:03                           ;
; Assembler                 ; 00:00:03     ; 1.0                     ; 309 MB              ; 00:00:02                           ;
; TimeQuest Timing Analyzer ; 00:00:04     ; 1.0                     ; 293 MB              ; 00:00:04                           ;
; EDA Netlist Writer        ; 00:00:15     ; 1.0                     ; 289 MB              ; 00:00:03                           ;
; EDA Netlist Writer        ; 00:00:17     ; 1.0                     ; 289 MB              ; 00:00:02                           ;
; EDA Netlist Writer        ; 00:00:16     ; 1.0                     ; 289 MB              ; 00:00:02                           ;
; EDA Netlist Writer        ; 00:00:18     ; 1.0                     ; 289 MB              ; 00:00:03                           ;
; EDA Netlist Writer        ; 00:00:18     ; 1.0                     ; 289 MB              ; 00:00:03                           ;
; EDA Netlist Writer        ; 00:00:22     ; 1.0                     ; 291 MB              ; 00:00:03                           ;
; EDA Netlist Writer        ; 00:00:22     ; 1.0                     ; 291 MB              ; 00:00:03                           ;
; EDA Netlist Writer        ; 00:00:29     ; 1.0                     ; 291 MB              ; 00:00:03                           ;
; EDA Netlist Writer        ; 00:00:04     ; 1.0                     ; 289 MB              ; 00:00:03                           ;
; EDA Netlist Writer        ; 00:00:03     ; 1.0                     ; 291 MB              ; 00:00:03                           ;
; EDA Netlist Writer        ; 00:00:03     ; 1.0                     ; 289 MB              ; 00:00:03                           ;
; EDA Netlist Writer        ; 00:00:02     ; 1.0                     ; 291 MB              ; 00:00:03                           ;
; Total                     ; 00:03:06     ; --                      ; --                  ; 00:00:48                           ;
+---------------------------+--------------+-------------------------+---------------------+------------------------------------+


+----------------------------------------------------------------------------------------+
; Flow OS Summary                                                                        ;
+---------------------------+------------------+-----------+------------+----------------+
; Module Name               ; Machine Hostname ; OS Name   ; OS Version ; Processor type ;
+---------------------------+------------------+-----------+------------+----------------+
; Analysis & Synthesis      ; WIN-VQ569EPB8HK  ; Windows 7 ; 6.2        ; i686           ;
; Fitter                    ; WIN-VQ569EPB8HK  ; Windows 7 ; 6.2        ; i686           ;
; Assembler                 ; WIN-VQ569EPB8HK  ; Windows 7 ; 6.2        ; i686           ;
; TimeQuest Timing Analyzer ; WIN-VQ569EPB8HK  ; Windows 7 ; 6.2        ; i686           ;
; EDA Netlist Writer        ; WIN-VQ569EPB8HK  ; Windows 7 ; 6.2        ; i686           ;
; EDA Netlist Writer        ; WIN-VQ569EPB8HK  ; Windows 7 ; 6.2        ; i686           ;
; EDA Netlist Writer        ; WIN-VQ569EPB8HK  ; Windows 7 ; 6.2        ; i686           ;
; EDA Netlist Writer        ; WIN-VQ569EPB8HK  ; Windows 7 ; 6.2        ; i686           ;
; EDA Netlist Writer        ; WIN-VQ569EPB8HK  ; Windows 7 ; 6.2        ; i686           ;
; EDA Netlist Writer        ; WIN-VQ569EPB8HK  ; Windows 7 ; 6.2        ; i686           ;
; EDA Netlist Writer        ; WIN-VQ569EPB8HK  ; Windows 7 ; 6.2        ; i686           ;
; EDA Netlist Writer        ; WIN-VQ569EPB8HK  ; Windows 7 ; 6.2        ; i686           ;
; EDA Netlist Writer        ; WIN-VQ569EPB8HK  ; Windows 7 ; 6.2        ; i686           ;
; EDA Netlist Writer        ; WIN-VQ569EPB8HK  ; Windows 7 ; 6.2        ; i686           ;
; EDA Netlist Writer        ; WIN-VQ569EPB8HK  ; Windows 7 ; 6.2        ; i686           ;
; EDA Netlist Writer        ; WIN-VQ569EPB8HK  ; Windows 7 ; 6.2        ; i686           ;
+---------------------------+------------------+-----------+------------+----------------+


------------
; Flow Log ;
------------
quartus_map --read_settings_files=on --write_settings_files=off half_add -c half_add
quartus_fit --read_settings_files=off --write_settings_files=off half_add -c half_add
quartus_asm --read_settings_files=off --write_settings_files=off half_add -c half_add
quartus_sta half_add -c half_add
quartus_eda --gen_testbench --check_outputs=on --tool=modelsim_oem --format=verilog half_add -c half_add --vector_source="Z:/Documents/Github Clones/DIGI-2224/LAB_1/Waveform.vwf" --testbench_file=./simulation/qsim/half_add.vt
quartus_eda --gen_testbench --check_outputs=on --tool=modelsim_oem --format=verilog half_add -c half_add --vector_source="Z:/Documents/Github Clones/DIGI-2224/LAB_1/Waveform.vwf" --testbench_file=./simulation/qsim/half_add.vt
quartus_eda --gen_testbench --check_outputs=on --tool=modelsim_oem --format=verilog half_add -c half_add --vector_source="Z:/Documents/Github Clones/DIGI-2224/LAB_1/Waveform.vwf" --testbench_file=./simulation/qsim/half_add.vt
quartus_eda --gen_testbench --check_outputs=on --tool=modelsim_oem --format=verilog half_add -c half_add --vector_source="Z:/Documents/Github Clones/DIGI-2224/LAB_1/Waveform.vwf" --testbench_file=./simulation/qsim/half_add.vt
quartus_eda --gen_testbench --check_outputs=on --tool=modelsim_oem --format=verilog half_add -c half_add --vector_source="Z:/Documents/Github Clones/DIGI-2224/LAB_1/Waveform.vwf" --testbench_file=./simulation/qsim/half_add.vt
quartus_eda --functional=off --timescale=1ps --simulation=on --tool=modelsim_oem --format=verilog half_add -c half_add
quartus_eda --functional=off --timescale=1ps --simulation=on --tool=modelsim_oem --format=verilog half_add -c half_add
quartus_eda --functional=off --timescale=1ps --simulation=on --tool=modelsim_oem --format=verilog half_add -c half_add
quartus_eda --gen_testbench --check_outputs=on --tool=modelsim_oem --format=verilog half_add -c half_add --vector_source="Z:/Documents/Github Clones/DIGI-2224/LAB_1/Waveform.vwf" --testbench_file=./simulation/qsim/half_add.vt
quartus_eda --functional=on --simulation=on --tool=modelsim_oem --format=verilog half_add -c half_add
quartus_eda --gen_testbench --check_outputs=on --tool=modelsim_oem --format=verilog half_add -c half_add --vector_source="Z:/Documents/Github Clones/DIGI-2224/LAB_1/Waveform.vwf" --testbench_file=./simulation/qsim/half_add.vt
quartus_eda --functional=off --timescale=1ps --simulation=on --tool=modelsim_oem --format=verilog half_add -c half_add



