Flow report for sop1
Wed Jan 21 22:16:49 2015
Quartus II 32-bit Version 13.0.1 Build 232 06/12/2013 Service Pack 1 SJ Web Edition


---------------------
; Table of Contents ;
---------------------
  1. Legal Notice
  2. Flow Summary
  3. Flow Settings
  4. Flow Non-Default Global Settings
  5. Flow Elapsed Time
  6. Flow OS Summary
  7. Flow Log
  8. Flow Messages
  9. Flow Suppressed Messages



----------------
; Legal Notice ;
----------------
Copyright (C) 1991-2013 Altera Corporation
Your use of Altera Corporation's design tools, logic functions 
and other software and tools, and its AMPP partner logic 
functions, and any output files from any of the foregoing 
(including device programming or simulation files), and any 
associated documentation or information are expressly subject 
to the terms and conditions of the Altera Program License 
Subscription Agreement, Altera MegaCore Function License 
Agreement, or other applicable license agreement, including, 
without limitation, that your use is for the sole purpose of 
programming logic devices manufactured by Altera and sold by 
Altera or its authorized distributors.  Please refer to the 
applicable agreement for further details.



+-----------------------------------------------------------------------------+
; Flow Summary                                                                ;
+---------------------------+-------------------------------------------------+
; Flow Status               ; Successful - Wed Jan 21 22:16:43 2015           ;
; Quartus II 32-bit Version ; 13.0.1 Build 232 06/12/2013 SP 1 SJ Web Edition ;
; Revision Name             ; sop1                                            ;
; Top-level Entity Name     ; sop1                                            ;
; Family                    ; MAX3000A                                        ;
; Device                    ; EPM3032ATC44-10                                 ;
; Timing Models             ; Final                                           ;
; Total macrocells          ; 2 / 32 ( 6 % )                                  ;
; Total pins                ; 9 / 34 ( 26 % )                                 ;
+---------------------------+-------------------------------------------------+


+-----------------------------------------+
; Flow Settings                           ;
+-------------------+---------------------+
; Option            ; Setting             ;
+-------------------+---------------------+
; Start date & time ; 01/21/2015 22:16:27 ;
; Main task         ; Compilation         ;
; Revision Name     ; sop1                ;
+-------------------+---------------------+


+-------------------------------------------------------------------------------------------------------+
; Flow Non-Default Global Settings                                                                      ;
+--------------------------+---------------------------------+---------------+-------------+------------+
; Assignment Name          ; Value                           ; Default Value ; Entity Name ; Section Id ;
+--------------------------+---------------------------------+---------------+-------------+------------+
; COMPILER_SIGNATURE_ID    ; 202916032219301.142190018605000 ; --            ; --          ; --         ;
; MAX_CORE_JUNCTION_TEMP   ; 85                              ; --            ; --          ; --         ;
; MIN_CORE_JUNCTION_TEMP   ; 0                               ; --            ; --          ; --         ;
; PROJECT_OUTPUT_DIRECTORY ; output_files                    ; --            ; --          ; --         ;
+--------------------------+---------------------------------+---------------+-------------+------------+


+-------------------------------------------------------------------------------------------------------------------------------+
; Flow Elapsed Time                                                                                                             ;
+---------------------------+--------------+-------------------------+---------------------+------------------------------------+
; Module Name               ; Elapsed Time ; Average Processors Used ; Peak Virtual Memory ; Total CPU Time (on all processors) ;
+---------------------------+--------------+-------------------------+---------------------+------------------------------------+
; Analysis & Synthesis      ; 00:00:07     ; 1.0                     ; 354 MB              ; 00:00:05                           ;
; Fitter                    ; 00:00:05     ; 1.0                     ; 314 MB              ; 00:00:04                           ;
; Assembler                 ; 00:00:02     ; 1.0                     ; 309 MB              ; 00:00:02                           ;
; TimeQuest Timing Analyzer ; 00:00:04     ; 1.0                     ; 293 MB              ; 00:00:04                           ;
; Total                     ; 00:00:18     ; --                      ; --                  ; 00:00:15                           ;
+---------------------------+--------------+-------------------------+---------------------+------------------------------------+


+----------------------------------------------------------------------------------------+
; Flow OS Summary                                                                        ;
+---------------------------+------------------+-----------+------------+----------------+
; Module Name               ; Machine Hostname ; OS Name   ; OS Version ; Processor type ;
+---------------------------+------------------+-----------+------------+----------------+
; Analysis & Synthesis      ; WIN-VQ569EPB8HK  ; Windows 7 ; 6.2        ; i686           ;
; Fitter                    ; WIN-VQ569EPB8HK  ; Windows 7 ; 6.2        ; i686           ;
; Assembler                 ; WIN-VQ569EPB8HK  ; Windows 7 ; 6.2        ; i686           ;
; TimeQuest Timing Analyzer ; WIN-VQ569EPB8HK  ; Windows 7 ; 6.2        ; i686           ;
+---------------------------+------------------+-----------+------------+----------------+


------------
; Flow Log ;
------------
quartus_map --read_settings_files=on --write_settings_files=off sop1 -c sop1
quartus_fit --read_settings_files=off --write_settings_files=off sop1 -c sop1
quartus_asm --read_settings_files=off --write_settings_files=off sop1 -c sop1
quartus_sta sop1 -c sop1



